2025-11-12T13:10:20.964Z - INFO - Starting Supabase monitoring...
2025-11-12T13:10:23.009Z - INFO - Telegram alert sent successfully: INFO
2025-11-12T13:10:27.130Z - INFO - Status: healthy, Response time: 2308ms
2025-11-12T13:10:38.873Z - INFO - Monitoring stopped
2025-11-12T13:10:50.773Z - INFO - Starting Supabase monitoring...
2025-11-12T13:10:51.731Z - INFO - Telegram alert sent successfully: INFO
2025-11-12T13:10:53.237Z - INFO - Status: healthy, Response time: 650ms
2025-11-12T13:11:31.386Z - INFO - Monitoring stopped
2025-11-12T13:11:32.822Z - INFO - Starting Supabase monitoring...
2025-11-12T13:11:33.817Z - INFO - Telegram alert sent successfully: INFO
2025-11-12T13:11:35.177Z - INFO - Telegram alert sent successfully: ERROR
2025-11-12T13:11:35.178Z - INFO - Status: error, Error: Request error: 401 - Unauthorized
2025-11-12T13:11:52.172Z - INFO - Starting Supabase monitoring...
2025-11-12T13:11:53.093Z - INFO - Telegram alert sent successfully: INFO
2025-11-12T13:11:54.208Z - INFO - Status: healthy, Response time: 438ms
2025-11-12T13:12:02.894Z - INFO - Monitoring stopped
2025-11-12T16:06:54.196Z - INFO - Starting Supabase monitoring...
2025-11-12T16:06:56.142Z - INFO - Telegram alert sent successfully: INFO
2025-11-12T16:06:59.815Z - INFO - Status: healthy, Response time: 2103ms
2025-11-12T16:08:01.150Z - ERROR - Failed to send Telegram alert: Request failed with status code 400
2025-11-12T16:08:01.152Z - INFO - Daily statistics reset
2025-11-12T16:08:03.773Z - INFO - Status: healthy, Response time: 1053ms
2025-11-12T16:09:02.005Z - INFO - Status: healthy, Response time: 631ms
2025-11-12T16:09:32.030Z - INFO - Monitoring stopped
2025-11-12T16:31:58.254Z - INFO - Starting Supabase monitoring...
2025-11-12T16:31:59.230Z - INFO - Telegram alert sent successfully: INFO
2025-11-12T16:32:01.102Z - INFO - Status: healthy, Response time: 1092ms
2025-11-12T16:32:04.292Z - INFO - Monitoring stopped
2025-11-12T16:32:23.297Z - INFO - Starting Supabase monitoring...
2025-11-12T16:32:24.424Z - INFO - Telegram alert sent successfully: INFO
2025-11-12T16:32:25.664Z - INFO - Status: healthy, Response time: 457ms
2025-11-12T16:32:27.655Z - INFO - Monitoring stopped
